<?xml version="1.0" encoding="UTF-8"?>
<testng-results skipped="0" failed="0" ignored="0" total="1" passed="1">
  <reporter-output>
  </reporter-output>
  <suite name="Demo suite 1" duration-ms="14491" started-at="2018-03-11T14:03:37Z" finished-at="2018-03-11T14:03:52Z">
    <groups>
    </groups>
    <test name="Default test" duration-ms="14491" started-at="2018-03-11T14:03:37Z" finished-at="2018-03-11T14:03:52Z">
      <class name="webAutomation.autoTestClass">
        <test-method status="PASS" signature="beforeTest()[pri:0, instance:webAutomation.autoTestClass@12d43ce]" name="beforeTest" is-config="true" duration-ms="30" started-at="2018-03-11T14:03:37Z" finished-at="2018-03-11T14:03:37Z">
          <reporter-output>
          </reporter-output>
        </test-method> <!-- beforeTest -->
        <test-method status="PASS" signature="beforeClass()[pri:0, instance:webAutomation.autoTestClass@12d43ce]" name="beforeClass" is-config="true" duration-ms="5974" started-at="2018-03-11T14:03:37Z" finished-at="2018-03-11T14:03:43Z">
          <reporter-output>
          </reporter-output>
        </test-method> <!-- beforeClass -->
        <test-method status="PASS" signature="verifySearchButton()[pri:0, instance:webAutomation.autoTestClass@12d43ce]" name="verifySearchButton" duration-ms="7739" started-at="2018-03-11T14:03:43Z" finished-at="2018-03-11T14:03:51Z">
          <reporter-output>
          </reporter-output>
        </test-method> <!-- verifySearchButton -->
        <test-method status="PASS" signature="afterClass()[pri:0, instance:webAutomation.autoTestClass@12d43ce]" name="afterClass" is-config="true" duration-ms="707" started-at="2018-03-11T14:03:51Z" finished-at="2018-03-11T14:03:52Z">
          <reporter-output>
          </reporter-output>
        </test-method> <!-- afterClass -->
        <test-method status="PASS" signature="afterTest()[pri:0, instance:webAutomation.autoTestClass@12d43ce]" name="afterTest" is-config="true" duration-ms="0" started-at="2018-03-11T14:03:52Z" finished-at="2018-03-11T14:03:52Z">
          <reporter-output>
          </reporter-output>
        </test-method> <!-- afterTest -->
      </class> <!-- webAutomation.autoTestClass -->
    </test> <!-- Default test -->
  </suite> <!-- Demo suite 1 -->
</testng-results>
